Unity Editor version:    6000.2.2f1 (ea398eefe1c2)
Branch:                  6000.2/staging
Build type:              Release
Batch mode:              YES
macOS version:           Version 26.0 (Build 25A354)
Darwin version:          25.0.0
Architecture:            arm64
Running under Rosetta:   NO
Available memory:        16384 MB
Date:                    2025-09-17T07:29:56Z
[Licensing::Module] Trying to connect to existing licensing client channel...
[Licensing::IpcConnector] Successfully connected to: "LicenseClient-kenluk" at "2025-09-17T07:29:56.771789Z"

COMMAND LINE ARGUMENTS:
/Applications/Unity/Hub/Editor/6000.2.2f1/Unity.app/Contents/MacOS/Unity
-adb2
-batchMode
-noUpm
-name
AssetImportWorker1
-projectPath
/Users/kenluk/Desktop/AR Project/TB_VR_Course
-logFile
Logs/AssetImportWorker1.log
-srvPort
53554
-licensingIpc
LicenseClient-kenluk
-job-worker-count
3
-background-job-worker-count
8
-gc-helper-count
1
-name AssetImport
Successfully changed project path to: /Users/kenluk/Desktop/AR Project/TB_VR_Course
/Users/kenluk/Desktop/AR Project/TB_VR_Course
[UnityMemory] Configuration Parameters - Can be set up in boot.config
    "memorysetup-allocator-temp-initial-block-size-main=262144"
    "memorysetup-allocator-temp-initial-block-size-worker=262144"
    "memorysetup-bucket-allocator-granularity=16"
    "memorysetup-bucket-allocator-bucket-count=8"
    "memorysetup-bucket-allocator-block-size=33554432"
    "memorysetup-bucket-allocator-block-count=8"
    "memorysetup-main-allocator-block-size=16777216"
    "memorysetup-thread-allocator-block-size=16777216"
    "memorysetup-gfx-main-allocator-block-size=16777216"
    "memorysetup-gfx-thread-allocator-block-size=16777216"
    "memorysetup-cache-allocator-block-size=4194304"
    "memorysetup-typetree-allocator-block-size=2097152"
    "memorysetup-profiler-bucket-allocator-granularity=16"
    "memorysetup-profiler-bucket-allocator-bucket-count=8"
    "memorysetup-profiler-bucket-allocator-block-size=33554432"
    "memorysetup-profiler-bucket-allocator-block-count=8"
    "memorysetup-profiler-allocator-block-size=16777216"
    "memorysetup-profiler-editor-allocator-block-size=1048576"
    "memorysetup-temp-allocator-size-main=16777216"
    "memorysetup-job-temp-allocator-block-size=2097152"
    "memorysetup-job-temp-allocator-block-size-background=1048576"
    "memorysetup-job-temp-allocator-reduction-small-platforms=262144"
    "memorysetup-temp-allocator-size-background-worker=32768"
    "memorysetup-temp-allocator-size-job-worker=262144"
    "memorysetup-temp-allocator-size-preload-manager=33554432"
    "memorysetup-temp-allocator-size-nav-mesh-worker=65536"
    "memorysetup-temp-allocator-size-audio-worker=65536"
    "memorysetup-temp-allocator-size-cloud-worker=32768"
    "memorysetup-temp-allocator-size-gi-baking-worker=262144"
    "memorysetup-temp-allocator-size-gi-baking-worker=262144"
    "memorysetup-temp-allocator-size-gi-baking-worker=262144"
    "memorysetup-temp-allocator-size-gi-baking-worker=262144"
    "memorysetup-temp-allocator-size-gi-baking-worker=262144"
    "memorysetup-temp-allocator-size-gfx=262144"
Player connection [8639858688]  Target information:

Player connection [8639858688]  * "[IP] 10.0.151.106 [Port] 0 [Flags] 2 [Guid] 966706962 [EditorId] 966706962 [Version] 1048832 [Id] OSXEditor(0,Yims-MacBook-Pro-2.local) [Debug] 1 [PackageName] OSXEditor [ProjectName] Editor" 

Player connection [8639858688] Host joined multi-casting on [225.0.0.222:54997]...
Player connection [8639858688] Host joined alternative multi-casting on [225.0.0.222:34997]...
JobSystem: Creating JobQueue using job-worker-count value 3
Input System module state changed to: Initialized.
[Physics::Module] Initialized fallback backend.
[Physics::Module] Id: 0xdecafbad
Library Redirect Path: Library/
[Physics::Module] Selected backend.
[Physics::Module] Name: PhysX
[Physics::Module] Id: 0xf2b8ea05
[Physics::Module] SDK Version: 4.1.2
[Physics::Module] Integration Version: 1.0.0
[Physics::Module] Threading Mode: Multi-Threaded
Refreshing native plugins compatible for Editor in 5.09 ms, found 2 plugins.
Preloading 0 native plugins for Editor in 0.00 ms.
Initialize engine version: 6000.2.2f1 (ea398eefe1c2)
[Subsystems] Discovering subsystems at path /Applications/Unity/Hub/Editor/6000.2.2f1/Unity.app/Contents/Resources/UnitySubsystems
[Subsystems] Discovering subsystems at path /Users/kenluk/Desktop/AR Project/TB_VR_Course/Assets
GfxDevice: creating device client; kGfxThreadingModeNonThreaded
 preferred device: Apple M2 (high power)
Metal devices available: 1
0: Apple M2 (high power)
Using device Apple M2 (high power)
Initializing Metal device caps: Apple M2
Mac GPU Family: 2
Apple GPU Family: 8
MSL Version: 3.0
Has Float MSAA: 1
Has Float Filtering: 1
ReadWrite Texture Tier: 2
Initialize mono
Mono path[0] = '/Applications/Unity/Hub/Editor/6000.2.2f1/Unity.app/Contents/Managed'
Mono path[1] = '/Applications/Unity/Hub/Editor/6000.2.2f1/Unity.app/Contents/MonoBleedingEdge/lib/mono/unityjit-macos'
Mono config path = '/Applications/Unity/Hub/Editor/6000.2.2f1/Unity.app/Contents/MonoBleedingEdge/etc'
Using monoOptions --debugger-agent=transport=dt_socket,embedding=1,server=y,suspend=n,address=127.0.0.1:56040
Begin MonoManager ReloadAssembly
[Licensing::Client] Code 10 while verifying Licensing Client signature (process Id: 15199, path: "/Applications/Unity Hub.app/Contents/Frameworks/UnityLicensingClient_V1.app/Contents/MacOS/Unity.Licensing.Client")
[Licensing::Module] LicensingClient has failed validation; ignoring
[Licensing::Client] Error: HandshakeResponse reported an error:
	ResponseCode: 505
	ResponseStatus: Unsupported protocol version '1.17.2'.
[Licensing::Module] Error: Failed to handshake to channel: "LicenseClient-kenluk"
[Licensing::IpcConnector] LicenseClient-kenluk channel disconnected successfully.
[Licensing::IpcConnector] Successfully connected to: "LicenseClient-kenluk-6000.2.2" at "2025-09-17T07:29:57.699241Z"
[Licensing::Client] Code 1 while verifying Licensing Client signature (process Id: 15781, path: "/Applications/Unity/Hub/Editor/6000.2.2f1/Unity.app/Contents/Frameworks/UnityLicensingClient.app/Contents/MacOS/Unity.Licensing.Client")
[Licensing::Module] LicensingClient has failed validation; ignoring
[Licensing::Client] Handshaking with LicensingClient:
  Version:                 1.17.2+ff71f16
  Session Id:              90db5160458b43249f538beedabb582c
  Correlation Id:          b347d6c5a8623fb78e5cc7f4691ba4ba
  External correlation Id: 3408745779981546073
  Machine Id:              nFcarRiksQrQ/5GeN6jVmhkXnRg=
[Licensing::Module] Successfully connected to LicensingClient on channel: "LicenseClient-kenluk-6000.2.2" (connect: 0.00s, validation: 0.00s, handshake: 0.01s)
[Licensing::IpcConnector] Successfully connected to: "LicenseClient-kenluk-6000.2.2-notifications" at "2025-09-17T07:29:57.710949Z"
[Licensing::Module] Licensing Background thread has ended after 0.94s
Registering precompiled unity dll's ...
Register platform support module: /Applications/Unity/Hub/Editor/6000.2.2f1/Unity.app/Contents/PlaybackEngines/MacStandaloneSupport/UnityEditor.OSXStandalone.Extensions.dll
[Licensing::Client] Successfully resolved entitlement details
[Licensing::Module] License group:
  Id: 20066147878057-UnityPersXXXX
  Product: Unity Personal
  Type: Assigned
  Expiration: Unlimited
Register platform support module: /Applications/Unity/Hub/Editor/6000.2.2f1/PlaybackEngines/AndroidPlayer/UnityEditor.Android.Extensions.dll
Registered in 0.006108 seconds.
- Loaded All Assemblies, in  0.424 seconds
Native extension for Android target not found
Android Extension - Scanning For ADB Devices 120 ms
Native extension for OSXStandalone target not found
Mono: successfully reloaded assembly
- Finished resetting the current domain, in  0.539 seconds
Domain Reload Profiling: 963ms
	BeginReloadAssembly (126ms)
		ExecutionOrderSort (0ms)
		DisableScriptedObjects (0ms)
		BackupInstance (0ms)
		ReleaseScriptingObjects (0ms)
		CreateAndSetChildDomain (1ms)
	RebuildCommonClasses (41ms)
	RebuildNativeTypeToScriptingClass (15ms)
	initialDomainReloadingComplete (51ms)
	LoadAllAssembliesAndSetupDomain (190ms)
		LoadAssemblies (127ms)
		RebuildTransferFunctionScriptingTraits (0ms)
		AnalyzeDomain (186ms)
			TypeCache.Refresh (185ms)
				TypeCache.ScanAssembly (167ms)
			BuildScriptInfoCaches (0ms)
			ResolveRequiredComponents (0ms)
	FinalizeReload (539ms)
		ReleaseScriptCaches (0ms)
		RebuildScriptCaches (0ms)
		SetupLoadedEditorAssemblies (492ms)
			LogAssemblyErrors (0ms)
			InitializePlatformSupportModulesInManaged (221ms)
			SetLoadedEditorAssemblies (5ms)
			BeforeProcessingInitializeOnLoad (77ms)
			ProcessInitializeOnLoadAttributes (121ms)
			ProcessInitializeOnLoadMethodAttributes (68ms)
			AfterProcessingInitializeOnLoad (0ms)
			EditorAssembliesLoaded (0ms)
		ExecutionOrderSort2 (0ms)
		AwakeInstancesAfterBackupRestoration (0ms)
========================================================================
Worker process is ready to serve import requests
Import Worker Mode flag is 0x00
Begin MonoManager ReloadAssembly
[Licensing::Client] Successfully resolved entitlement details
- Loaded All Assemblies, in  1.113 seconds
Refreshing native plugins compatible for Editor in 0.74 ms, found 2 plugins.
Native extension for Android target not found
Native extension for OSXStandalone target not found
Package Manager log level set to [2]
[Package Manager] Failed to launch server process. Reason: Unity was launched with the -noUpm command-line argument
[Package Manager] Unable to send message (not connected to server process).
[Package Manager] Cannot connect to Unity Package Manager local server
Mono: successfully reloaded assembly
- Finished resetting the current domain, in  1.554 seconds
Domain Reload Profiling: 2667ms
	BeginReloadAssembly (182ms)
		ExecutionOrderSort (0ms)
		DisableScriptedObjects (5ms)
		BackupInstance (0ms)
		ReleaseScriptingObjects (0ms)
		CreateAndSetChildDomain (43ms)
	RebuildCommonClasses (58ms)
	RebuildNativeTypeToScriptingClass (21ms)
	initialDomainReloadingComplete (45ms)
	LoadAllAssembliesAndSetupDomain (807ms)
		LoadAssemblies (353ms)
		RebuildTransferFunctionScriptingTraits (0ms)
		AnalyzeDomain (537ms)
			TypeCache.Refresh (354ms)
				TypeCache.ScanAssembly (292ms)
			BuildScriptInfoCaches (154ms)
			ResolveRequiredComponents (15ms)
	FinalizeReload (1554ms)
		ReleaseScriptCaches (0ms)
		RebuildScriptCaches (0ms)
		SetupLoadedEditorAssemblies (1101ms)
			LogAssemblyErrors (0ms)
			InitializePlatformSupportModulesInManaged (20ms)
			SetLoadedEditorAssemblies (11ms)
			BeforeProcessingInitializeOnLoad (282ms)
			ProcessInitializeOnLoadAttributes (726ms)
			ProcessInitializeOnLoadMethodAttributes (59ms)
			AfterProcessingInitializeOnLoad (2ms)
			EditorAssembliesLoaded (0ms)
		ExecutionOrderSort2 (0ms)
		AwakeInstancesAfterBackupRestoration (4ms)
Launching external process: /Applications/Unity/Hub/Editor/6000.2.2f1/Unity.app/Contents/Tools/UnityShaderCompiler
Launched and connected shader compiler UnityShaderCompiler after 0.28 seconds
Refreshing native plugins compatible for Editor in 0.79 ms, found 2 plugins.
Preloading 0 native plugins for Editor in 0.00 ms.
Unloading 0 Unused Serialized files (Serialized files now loaded: 0)
Unloading 3826 unused Assets / (151.6 KB). Loaded Objects now: 4334.
Memory consumption went from 87.4 MB to 87.3 MB.
Total: 40.896500 ms (FindLiveObjects: 7.028125 ms CreateObjectMapping: 7.644375 ms MarkObjects: 20.443292 ms  DeleteObjects: 5.779291 ms)

========================================================================
Received Import Request.
  Time since last request: 56940.282702 seconds.
  path: Assets/VR Material/rocky_terrain_02_diff_4k.jpg
  artifactKey: Guid(bf7c24118f7724ff7889f125a5be7052) Importer(815301076,1909f56bfc062723c751e8b465ee728b)
Start importing Assets/VR Material/rocky_terrain_02_diff_4k.jpg using Guid(bf7c24118f7724ff7889f125a5be7052) Importer(815301076,1909f56bfc062723c751e8b465ee728b) (PreviewImporter) -> (artifact id: '1c6ac445a1c8a7ca2358c3c784fd723b') in 0.151632958 seconds
Number of updated asset objects reloaded before import = 0Number of asset objects unloaded after import = 2

========================================================================
Received Import Request.
  Time since last request: 0.000154 seconds.
  path: Assets/VR Material/Numena/Plants/Lemon/Source/Textures/Lemon Branch Color.png
  artifactKey: Guid(b546e2259560a7541ad7cb60338d3d7d) Importer(815301076,1909f56bfc062723c751e8b465ee728b)
Start importing Assets/VR Material/Numena/Plants/Lemon/Source/Textures/Lemon Branch Color.png using Guid(b546e2259560a7541ad7cb60338d3d7d) Importer(815301076,1909f56bfc062723c751e8b465ee728b) (PreviewImporter) -> (artifact id: '9e464f57efd6ced70eed1c383af3b45a') in 0.027911708 seconds
Number of updated asset objects reloaded before import = 0Number of asset objects unloaded after import = 2

========================================================================
Received Import Request.
  Time since last request: 0.000169 seconds.
  path: Assets/VR Material/Numena/Plants/Lemon/Source/Textures/Lemon Branch Normal.png
  artifactKey: Guid(984330eebef34dc4d9b1cd7cebda3c01) Importer(815301076,1909f56bfc062723c751e8b465ee728b)
Start importing Assets/VR Material/Numena/Plants/Lemon/Source/Textures/Lemon Branch Normal.png using Guid(984330eebef34dc4d9b1cd7cebda3c01) Importer(815301076,1909f56bfc062723c751e8b465ee728b) (PreviewImporter) -> (artifact id: 'd29d3aad5c5b15ee74735143da8f4d94') in 0.116402625 seconds
Number of updated asset objects reloaded before import = 0Number of asset objects unloaded after import = 2

========================================================================
Received Import Request.
  Time since last request: 0.001011 seconds.
  path: Assets/VR Material/pngimg.com - grass_PNG4933.png
  artifactKey: Guid(411766504ef8c46918d414d4616b7714) Importer(815301076,1909f56bfc062723c751e8b465ee728b)
Start importing Assets/VR Material/pngimg.com - grass_PNG4933.png using Guid(411766504ef8c46918d414d4616b7714) Importer(815301076,1909f56bfc062723c751e8b465ee728b) (PreviewImporter) -> (artifact id: 'ec989befbba1b2d20199ff931fa80751') in 0.03650325 seconds
Number of updated asset objects reloaded before import = 0Number of asset objects unloaded after import = 2

========================================================================
Received Import Request.
  Time since last request: 0.000122 seconds.
  path: Assets/VR Material/forest_ground_04_diff_4k.jpg
  artifactKey: Guid(9b986b6baa141431eacb7305560145cf) Importer(815301076,1909f56bfc062723c751e8b465ee728b)
Start importing Assets/VR Material/forest_ground_04_diff_4k.jpg using Guid(9b986b6baa141431eacb7305560145cf) Importer(815301076,1909f56bfc062723c751e8b465ee728b) (PreviewImporter) -> (artifact id: '49595b0a14a1efb5a4beee42cfb01c05') in 0.026413583 seconds
Number of updated asset objects reloaded before import = 0Number of asset objects unloaded after import = 2

========================================================================
Received Import Request.
  Time since last request: 372.237442 seconds.
  path: Assets/VR Material/Numena/Plants/Lemon/Prefabs With Fruits/Lemon Tree 1 w Fruits.prefab
  artifactKey: Guid(46dea74f7999f4c4f9d26ad24b8282c6) Importer(815301076,1909f56bfc062723c751e8b465ee728b)
Start importing Assets/VR Material/Numena/Plants/Lemon/Prefabs With Fruits/Lemon Tree 1 w Fruits.prefab using Guid(46dea74f7999f4c4f9d26ad24b8282c6) Importer(815301076,1909f56bfc062723c751e8b465ee728b) (PreviewImporter) -> (artifact id: 'c45e14549c8ed7146f76adddde12c317') in 0.336216375 seconds
Number of updated asset objects reloaded before import = 0Number of asset objects unloaded after import = 14

========================================================================
Received Import Request.
  Time since last request: 0.000036 seconds.
  path: Assets/VR Material/Numena/Plants/Lemon/Terain Prefabs/Lemon Tree 2 Terrain.prefab
  artifactKey: Guid(dc41cdb983cf13b499619e70eaf48fcb) Importer(815301076,1909f56bfc062723c751e8b465ee728b)
Start importing Assets/VR Material/Numena/Plants/Lemon/Terain Prefabs/Lemon Tree 2 Terrain.prefab using Guid(dc41cdb983cf13b499619e70eaf48fcb) Importer(815301076,1909f56bfc062723c751e8b465ee728b) (PreviewImporter) -> (artifact id: 'adc4edb36e9b97da5adac409ac59ded1') in 0.207213875 seconds
Number of updated asset objects reloaded before import = 0Number of asset objects unloaded after import = 14

========================================================================
Received Import Request.
  Time since last request: 0.000031 seconds.
  path: Assets/VR Material/Numena/Plants/Lemon/Source/lemon trees.fbx
  artifactKey: Guid(ef80fce6f167feb4392b15e0aedf35d2) Importer(815301076,1909f56bfc062723c751e8b465ee728b)
Start importing Assets/VR Material/Numena/Plants/Lemon/Source/lemon trees.fbx using Guid(ef80fce6f167feb4392b15e0aedf35d2) Importer(815301076,1909f56bfc062723c751e8b465ee728b) (PreviewImporter) -> (artifact id: '4ca1a4aaf3da0a00e738d3f4ffb4a1b6') in 0.326690125 seconds
Number of updated asset objects reloaded before import = 0Number of asset objects unloaded after import = 30

========================================================================
Received Import Request.
  Time since last request: 0.000037 seconds.
  path: Assets/VR Material/Numena/Plants/Lemon/Prefabs With Fruits/Lemon Tree 3 w Fruits.prefab
  artifactKey: Guid(67762154df3b7ca4eaaebcc646c11bbf) Importer(815301076,1909f56bfc062723c751e8b465ee728b)
Start importing Assets/VR Material/Numena/Plants/Lemon/Prefabs With Fruits/Lemon Tree 3 w Fruits.prefab using Guid(67762154df3b7ca4eaaebcc646c11bbf) Importer(815301076,1909f56bfc062723c751e8b465ee728b) (PreviewImporter) -> (artifact id: '23bf4f137bcda57f76c507f251668a0a') in 0.00553975 seconds
Number of updated asset objects reloaded before import = 0Number of asset objects unloaded after import = 14

========================================================================
Received Import Request.
  Time since last request: 0.000045 seconds.
  path: Assets/VR Material/Numena/Plants/Lemon/Prefabs With Fruits/Lemon Tree 2 w Fruits.prefab
  artifactKey: Guid(e1a86f799eb10924597db250eb786896) Importer(815301076,1909f56bfc062723c751e8b465ee728b)
Start importing Assets/VR Material/Numena/Plants/Lemon/Prefabs With Fruits/Lemon Tree 2 w Fruits.prefab using Guid(e1a86f799eb10924597db250eb786896) Importer(815301076,1909f56bfc062723c751e8b465ee728b) (PreviewImporter) -> (artifact id: '6b3a9553608795d6356dd38ea64d5c67') in 0.007149083 seconds
Number of updated asset objects reloaded before import = 0Number of asset objects unloaded after import = 14

========================================================================
Received Import Request.
  Time since last request: 179.053248 seconds.
  path: Assets/VR Material/Numena/Plants/Lemon/Source/lemon 3 terrain mesh.asset
  artifactKey: Guid(9cebe566ed4bc914a911431512a808a6) Importer(815301076,1909f56bfc062723c751e8b465ee728b)
Start importing Assets/VR Material/Numena/Plants/Lemon/Source/lemon 3 terrain mesh.asset using Guid(9cebe566ed4bc914a911431512a808a6) Importer(815301076,1909f56bfc062723c751e8b465ee728b) (PreviewImporter) -> (artifact id: '8d19a5b228afc51d8f7f63264f99e6f8') in 0.009350792 seconds
Number of updated asset objects reloaded before import = 0Number of asset objects unloaded after import = 2

========================================================================
Received Import Request.
  Time since last request: 8.447843 seconds.
  path: Assets/VR Material/Numena/Plants/Lemon/Source/Materials/Lemon Bark Terrain.mat
  artifactKey: Guid(8d8a27f4d3d525c4b877764b7dc7b7cd) Importer(815301076,1909f56bfc062723c751e8b465ee728b)
Start importing Assets/VR Material/Numena/Plants/Lemon/Source/Materials/Lemon Bark Terrain.mat using Guid(8d8a27f4d3d525c4b877764b7dc7b7cd) Importer(815301076,1909f56bfc062723c751e8b465ee728b) (PreviewImporter) -> (artifact id: 'ac738adf1331031505396b4d4073525e') in 0.130134041 seconds
Number of updated asset objects reloaded before import = 0Number of asset objects unloaded after import = 3

