Unity Editor version:    6000.2.2f1 (ea398eefe1c2)
Branch:                  6000.2/staging
Build type:              Release
Batch mode:              YES
macOS version:           Version 26.0 (Build 25A354)
Darwin version:          25.0.0
Architecture:            arm64
Running under Rosetta:   NO
Available memory:        16384 MB
Date:                    2025-09-17T07:29:56Z
[Licensing::Module] Trying to connect to existing licensing client channel...
[Licensing::IpcConnector] Successfully connected to: "LicenseClient-kenluk" at "2025-09-17T07:29:56.772769Z"

COMMAND LINE ARGUMENTS:
/Applications/Unity/Hub/Editor/6000.2.2f1/Unity.app/Contents/MacOS/Unity
-adb2
-batchMode
-noUpm
-name
AssetImportWorker0
-projectPath
/Users/kenluk/Desktop/AR Project/TB_VR_Course
-logFile
Logs/AssetImportWorker0.log
-srvPort
53554
-licensingIpc
LicenseClient-kenluk
-job-worker-count
3
-background-job-worker-count
8
-gc-helper-count
1
-name AssetImport
Successfully changed project path to: /Users/kenluk/Desktop/AR Project/TB_VR_Course
/Users/kenluk/Desktop/AR Project/TB_VR_Course
[UnityMemory] Configuration Parameters - Can be set up in boot.config
    "memorysetup-allocator-temp-initial-block-size-main=262144"
    "memorysetup-allocator-temp-initial-block-size-worker=262144"
    "memorysetup-bucket-allocator-granularity=16"
    "memorysetup-bucket-allocator-bucket-count=8"
    "memorysetup-bucket-allocator-block-size=33554432"
    "memorysetup-bucket-allocator-block-count=8"
    "memorysetup-main-allocator-block-size=16777216"
    "memorysetup-thread-allocator-block-size=16777216"
    "memorysetup-gfx-main-allocator-block-size=16777216"
    "memorysetup-gfx-thread-allocator-block-size=16777216"
    "memorysetup-cache-allocator-block-size=4194304"
    "memorysetup-typetree-allocator-block-size=2097152"
    "memorysetup-profiler-bucket-allocator-granularity=16"
    "memorysetup-profiler-bucket-allocator-bucket-count=8"
    "memorysetup-profiler-bucket-allocator-block-size=33554432"
    "memorysetup-profiler-bucket-allocator-block-count=8"
    "memorysetup-profiler-allocator-block-size=16777216"
    "memorysetup-profiler-editor-allocator-block-size=1048576"
    "memorysetup-temp-allocator-size-main=16777216"
    "memorysetup-job-temp-allocator-block-size=2097152"
    "memorysetup-job-temp-allocator-block-size-background=1048576"
    "memorysetup-job-temp-allocator-reduction-small-platforms=262144"
    "memorysetup-temp-allocator-size-background-worker=32768"
    "memorysetup-temp-allocator-size-job-worker=262144"
    "memorysetup-temp-allocator-size-preload-manager=33554432"
    "memorysetup-temp-allocator-size-nav-mesh-worker=65536"
    "memorysetup-temp-allocator-size-audio-worker=65536"
    "memorysetup-temp-allocator-size-cloud-worker=32768"
    "memorysetup-temp-allocator-size-gi-baking-worker=262144"
    "memorysetup-temp-allocator-size-gi-baking-worker=262144"
    "memorysetup-temp-allocator-size-gi-baking-worker=262144"
    "memorysetup-temp-allocator-size-gi-baking-worker=262144"
    "memorysetup-temp-allocator-size-gi-baking-worker=262144"
    "memorysetup-temp-allocator-size-gfx=262144"
Player connection [8639858688]  Target information:

Player connection [8639858688]  * "[IP] 10.0.151.106 [Port] 0 [Flags] 2 [Guid] 484709208 [EditorId] 484709208 [Version] 1048832 [Id] OSXEditor(0,Yims-MacBook-Pro-2.local) [Debug] 1 [PackageName] OSXEditor [ProjectName] Editor" 

Player connection [8639858688] Host joined multi-casting on [225.0.0.222:54997]...
Player connection [8639858688] Host joined alternative multi-casting on [225.0.0.222:34997]...
JobSystem: Creating JobQueue using job-worker-count value 3
Input System module state changed to: Initialized.
[Physics::Module] Initialized fallback backend.
[Physics::Module] Id: 0xdecafbad
Library Redirect Path: Library/
[Physics::Module] Selected backend.
[Physics::Module] Name: PhysX
[Physics::Module] Id: 0xf2b8ea05
[Physics::Module] SDK Version: 4.1.2
[Physics::Module] Integration Version: 1.0.0
[Physics::Module] Threading Mode: Multi-Threaded
Refreshing native plugins compatible for Editor in 5.09 ms, found 2 plugins.
Preloading 0 native plugins for Editor in 0.00 ms.
Initialize engine version: 6000.2.2f1 (ea398eefe1c2)
[Subsystems] Discovering subsystems at path /Applications/Unity/Hub/Editor/6000.2.2f1/Unity.app/Contents/Resources/UnitySubsystems
[Subsystems] Discovering subsystems at path /Users/kenluk/Desktop/AR Project/TB_VR_Course/Assets
GfxDevice: creating device client; kGfxThreadingModeNonThreaded
 preferred device: Apple M2 (high power)
Metal devices available: 1
0: Apple M2 (high power)
Using device Apple M2 (high power)
Initializing Metal device caps: Apple M2
Mac GPU Family: 2
Apple GPU Family: 8
MSL Version: 3.0
Has Float MSAA: 1
Has Float Filtering: 1
ReadWrite Texture Tier: 2
Initialize mono
Mono path[0] = '/Applications/Unity/Hub/Editor/6000.2.2f1/Unity.app/Contents/Managed'
Mono path[1] = '/Applications/Unity/Hub/Editor/6000.2.2f1/Unity.app/Contents/MonoBleedingEdge/lib/mono/unityjit-macos'
Mono config path = '/Applications/Unity/Hub/Editor/6000.2.2f1/Unity.app/Contents/MonoBleedingEdge/etc'
Using monoOptions --debugger-agent=transport=dt_socket,embedding=1,server=y,suspend=n,address=127.0.0.1:56038
Begin MonoManager ReloadAssembly
[Licensing::Client] Code 10 while verifying Licensing Client signature (process Id: 15199, path: "/Applications/Unity Hub.app/Contents/Frameworks/UnityLicensingClient_V1.app/Contents/MacOS/Unity.Licensing.Client")
[Licensing::Module] LicensingClient has failed validation; ignoring
[Licensing::Client] Error: HandshakeResponse reported an error:
	ResponseCode: 505
	ResponseStatus: Unsupported protocol version '1.17.2'.
[Licensing::Module] Error: Failed to handshake to channel: "LicenseClient-kenluk"
[Licensing::IpcConnector] LicenseClient-kenluk channel disconnected successfully.
[Licensing::IpcConnector] Successfully connected to: "LicenseClient-kenluk-6000.2.2" at "2025-09-17T07:29:57.631769Z"
[Licensing::Client] Code 1 while verifying Licensing Client signature (process Id: 15781, path: "/Applications/Unity/Hub/Editor/6000.2.2f1/Unity.app/Contents/Frameworks/UnityLicensingClient.app/Contents/MacOS/Unity.Licensing.Client")
[Licensing::Module] LicensingClient has failed validation; ignoring
[Licensing::Client] Handshaking with LicensingClient:
  Version:                 1.17.2+ff71f16
  Session Id:              11a033d6a2524d3fa2d4459ddccd34cd
  Correlation Id:          b347d6c5a8623fb78e5cc7f4691ba4ba
  External correlation Id: 5345810586416868901
  Machine Id:              nFcarRiksQrQ/5GeN6jVmhkXnRg=
[Licensing::Module] Successfully connected to LicensingClient on channel: "LicenseClient-kenluk-6000.2.2" (connect: 0.00s, validation: 0.00s, handshake: 0.02s)
[Licensing::IpcConnector] Successfully connected to: "LicenseClient-kenluk-6000.2.2-notifications" at "2025-09-17T07:29:57.656482Z"
[Licensing::Module] Licensing Background thread has ended after 0.88s
Registering precompiled unity dll's ...
Register platform support module: /Applications/Unity/Hub/Editor/6000.2.2f1/Unity.app/Contents/PlaybackEngines/MacStandaloneSupport/UnityEditor.OSXStandalone.Extensions.dll
[Licensing::Client] Successfully resolved entitlement details
[Licensing::Module] License group:
  Id: 20066147878057-UnityPersXXXX
  Product: Unity Personal
  Type: Assigned
  Expiration: Unlimited
Register platform support module: /Applications/Unity/Hub/Editor/6000.2.2f1/PlaybackEngines/AndroidPlayer/UnityEditor.Android.Extensions.dll
Registered in 0.005973 seconds.
- Loaded All Assemblies, in  0.424 seconds
Native extension for Android target not found
Android Extension - Scanning For ADB Devices 121 ms
Native extension for OSXStandalone target not found
Mono: successfully reloaded assembly
- Finished resetting the current domain, in  0.542 seconds
Domain Reload Profiling: 966ms
	BeginReloadAssembly (126ms)
		ExecutionOrderSort (0ms)
		DisableScriptedObjects (0ms)
		BackupInstance (0ms)
		ReleaseScriptingObjects (0ms)
		CreateAndSetChildDomain (1ms)
	RebuildCommonClasses (41ms)
	RebuildNativeTypeToScriptingClass (15ms)
	initialDomainReloadingComplete (51ms)
	LoadAllAssembliesAndSetupDomain (190ms)
		LoadAssemblies (127ms)
		RebuildTransferFunctionScriptingTraits (0ms)
		AnalyzeDomain (186ms)
			TypeCache.Refresh (185ms)
				TypeCache.ScanAssembly (167ms)
			BuildScriptInfoCaches (0ms)
			ResolveRequiredComponents (0ms)
	FinalizeReload (542ms)
		ReleaseScriptCaches (0ms)
		RebuildScriptCaches (0ms)
		SetupLoadedEditorAssemblies (491ms)
			LogAssemblyErrors (0ms)
			InitializePlatformSupportModulesInManaged (221ms)
			SetLoadedEditorAssemblies (5ms)
			BeforeProcessingInitializeOnLoad (80ms)
			ProcessInitializeOnLoadAttributes (117ms)
			ProcessInitializeOnLoadMethodAttributes (68ms)
			AfterProcessingInitializeOnLoad (0ms)
			EditorAssembliesLoaded (0ms)
		ExecutionOrderSort2 (0ms)
		AwakeInstancesAfterBackupRestoration (0ms)
========================================================================
Worker process is ready to serve import requests
Import Worker Mode flag is 0x00
Begin MonoManager ReloadAssembly
[Licensing::Client] Successfully resolved entitlement details
- Loaded All Assemblies, in  1.106 seconds
Refreshing native plugins compatible for Editor in 25.28 ms, found 2 plugins.
Native extension for Android target not found
Native extension for OSXStandalone target not found
Package Manager log level set to [2]
[Package Manager] Failed to launch server process. Reason: Unity was launched with the -noUpm command-line argument
[Package Manager] Unable to send message (not connected to server process).
[Package Manager] Cannot connect to Unity Package Manager local server
Mono: successfully reloaded assembly
- Finished resetting the current domain, in  1.561 seconds
Domain Reload Profiling: 2667ms
	BeginReloadAssembly (180ms)
		ExecutionOrderSort (0ms)
		DisableScriptedObjects (6ms)
		BackupInstance (0ms)
		ReleaseScriptingObjects (0ms)
		CreateAndSetChildDomain (44ms)
	RebuildCommonClasses (57ms)
	RebuildNativeTypeToScriptingClass (20ms)
	initialDomainReloadingComplete (47ms)
	LoadAllAssembliesAndSetupDomain (801ms)
		LoadAssemblies (349ms)
		RebuildTransferFunctionScriptingTraits (0ms)
		AnalyzeDomain (534ms)
			TypeCache.Refresh (353ms)
				TypeCache.ScanAssembly (296ms)
			BuildScriptInfoCaches (155ms)
			ResolveRequiredComponents (8ms)
	FinalizeReload (1562ms)
		ReleaseScriptCaches (0ms)
		RebuildScriptCaches (0ms)
		SetupLoadedEditorAssemblies (1135ms)
			LogAssemblyErrors (0ms)
			InitializePlatformSupportModulesInManaged (38ms)
			SetLoadedEditorAssemblies (13ms)
			BeforeProcessingInitializeOnLoad (246ms)
			ProcessInitializeOnLoadAttributes (777ms)
			ProcessInitializeOnLoadMethodAttributes (59ms)
			AfterProcessingInitializeOnLoad (1ms)
			EditorAssembliesLoaded (0ms)
		ExecutionOrderSort2 (0ms)
		AwakeInstancesAfterBackupRestoration (4ms)
Launching external process: /Applications/Unity/Hub/Editor/6000.2.2f1/Unity.app/Contents/Tools/UnityShaderCompiler
Launched and connected shader compiler UnityShaderCompiler after 0.31 seconds
Refreshing native plugins compatible for Editor in 0.75 ms, found 2 plugins.
Preloading 0 native plugins for Editor in 0.00 ms.
Unloading 0 Unused Serialized files (Serialized files now loaded: 0)
Unloading 3826 unused Assets / (2.2 MB). Loaded Objects now: 4334.
Memory consumption went from 87.5 MB to 85.3 MB.
Total: 33.505417 ms (FindLiveObjects: 2.009500 ms CreateObjectMapping: 0.730375 ms MarkObjects: 19.002458 ms  DeleteObjects: 11.762250 ms)

========================================================================
Received Import Request.
  Time since last request: 56940.272122 seconds.
  path: Assets/VR Material/aerial_grass_rock_diff_4k.jpg
  artifactKey: Guid(ad37b8738723046fea847a4e5ea2bcc2) Importer(815301076,1909f56bfc062723c751e8b465ee728b)
Start importing Assets/VR Material/aerial_grass_rock_diff_4k.jpg using Guid(ad37b8738723046fea847a4e5ea2bcc2) Importer(815301076,1909f56bfc062723c751e8b465ee728b) (PreviewImporter) -> (artifact id: 'ac0b8810cd472076b2d80a0ae8296490') in 0.167259625 seconds
Number of updated asset objects reloaded before import = 0Number of asset objects unloaded after import = 2

========================================================================
Received Import Request.
  Time since last request: 0.000125 seconds.
  path: Assets/VR Material/Numena/Plants/Lemon/Source/Textures/Lemon Bark Normal.png
  artifactKey: Guid(8c03514cee68022409c778c5912c6426) Importer(815301076,1909f56bfc062723c751e8b465ee728b)
Start importing Assets/VR Material/Numena/Plants/Lemon/Source/Textures/Lemon Bark Normal.png using Guid(8c03514cee68022409c778c5912c6426) Importer(815301076,1909f56bfc062723c751e8b465ee728b) (PreviewImporter) -> (artifact id: 'd2ceda648549a32490e54d5974bbf494') in 0.114612708 seconds
Number of updated asset objects reloaded before import = 0Number of asset objects unloaded after import = 2

========================================================================
Received Import Request.
  Time since last request: 0.001564 seconds.
  path: Assets/VR Material/snow_floor_disp_4k.png
  artifactKey: Guid(9195a921247da4b51910e5ac5598baa3) Importer(815301076,1909f56bfc062723c751e8b465ee728b)
Start importing Assets/VR Material/snow_floor_disp_4k.png using Guid(9195a921247da4b51910e5ac5598baa3) Importer(815301076,1909f56bfc062723c751e8b465ee728b) (PreviewImporter) -> (artifact id: '8d15da04419fdf078f9e598c7b0dccbc') in 0.026596 seconds
Number of updated asset objects reloaded before import = 0Number of asset objects unloaded after import = 2

========================================================================
Received Import Request.
  Time since last request: 0.000149 seconds.
  path: Assets/VR Material/pngegg.png
  artifactKey: Guid(44f2dbc32d93441e5895352b6fe16a90) Importer(815301076,1909f56bfc062723c751e8b465ee728b)
Start importing Assets/VR Material/pngegg.png using Guid(44f2dbc32d93441e5895352b6fe16a90) Importer(815301076,1909f56bfc062723c751e8b465ee728b) (PreviewImporter) -> (artifact id: 'e4a71d855b477cc3c28234c397bb3f02') in 0.020503041 seconds
Number of updated asset objects reloaded before import = 0Number of asset objects unloaded after import = 2

========================================================================
Received Import Request.
  Time since last request: 0.003587 seconds.
  path: Assets/VR Material/Numena/Plants/Lemon/Source/Textures/Lemon Bark Color.png
  artifactKey: Guid(8d928fcad34ba0242a75b360decfed98) Importer(815301076,1909f56bfc062723c751e8b465ee728b)
Start importing Assets/VR Material/Numena/Plants/Lemon/Source/Textures/Lemon Bark Color.png using Guid(8d928fcad34ba0242a75b360decfed98) Importer(815301076,1909f56bfc062723c751e8b465ee728b) (PreviewImporter) -> (artifact id: 'da94a42fff701120c1d447405e18ba91') in 0.025539 seconds
Number of updated asset objects reloaded before import = 0Number of asset objects unloaded after import = 2

========================================================================
Received Import Request.
  Time since last request: 372.236973 seconds.
  path: Assets/VR Material/Numena/Plants/Lemon/Lemon Tree 1.prefab
  artifactKey: Guid(3c98bb4bee2f2ba4b92a2fbca7b8831f) Importer(815301076,1909f56bfc062723c751e8b465ee728b)
Start importing Assets/VR Material/Numena/Plants/Lemon/Lemon Tree 1.prefab using Guid(3c98bb4bee2f2ba4b92a2fbca7b8831f) Importer(815301076,1909f56bfc062723c751e8b465ee728b) (PreviewImporter) -> (artifact id: 'df868a9ef292761ff40e8c1cf405c357') in 0.336458125 seconds
Number of updated asset objects reloaded before import = 0Number of asset objects unloaded after import = 14

========================================================================
Received Import Request.
  Time since last request: 0.000047 seconds.
  path: Assets/VR Material/Numena/Plants/Lemon/Lemon Tree 4.prefab
  artifactKey: Guid(f1ac1674b1044b940a5e6f1e32750350) Importer(815301076,1909f56bfc062723c751e8b465ee728b)
Start importing Assets/VR Material/Numena/Plants/Lemon/Lemon Tree 4.prefab using Guid(f1ac1674b1044b940a5e6f1e32750350) Importer(815301076,1909f56bfc062723c751e8b465ee728b) (PreviewImporter) -> (artifact id: '8ead1e04ae8d75d463551bec1cb67b4c') in 0.0069385 seconds
Number of updated asset objects reloaded before import = 0Number of asset objects unloaded after import = 14

========================================================================
Received Import Request.
  Time since last request: 0.000042 seconds.
  path: Assets/VR Material/Numena/Plants/Lemon/Prefabs With Fruits/Lemon Tree 4 w Fruits.prefab
  artifactKey: Guid(c1293ad6a2baf184c92d003aa923c284) Importer(815301076,1909f56bfc062723c751e8b465ee728b)
Start importing Assets/VR Material/Numena/Plants/Lemon/Prefabs With Fruits/Lemon Tree 4 w Fruits.prefab using Guid(c1293ad6a2baf184c92d003aa923c284) Importer(815301076,1909f56bfc062723c751e8b465ee728b) (PreviewImporter) -> (artifact id: 'a4db9eee7091070170c02262f72d59f3') in 0.007119875 seconds
Number of updated asset objects reloaded before import = 0Number of asset objects unloaded after import = 14

========================================================================
Received Import Request.
  Time since last request: 0.000067 seconds.
  path: Assets/VR Material/Numena/Plants/Lemon/Lemon Tree 3.prefab
  artifactKey: Guid(9b77d12e48b7f364a82333485eca4473) Importer(815301076,1909f56bfc062723c751e8b465ee728b)
Start importing Assets/VR Material/Numena/Plants/Lemon/Lemon Tree 3.prefab using Guid(9b77d12e48b7f364a82333485eca4473) Importer(815301076,1909f56bfc062723c751e8b465ee728b) (PreviewImporter) -> (artifact id: '70a72630795226b7d74fbb8c6acf8d24') in 0.006147542 seconds
Number of updated asset objects reloaded before import = 0Number of asset objects unloaded after import = 14

========================================================================
Received Import Request.
  Time since last request: 0.000044 seconds.
  path: Assets/VR Material/Numena/Plants/Lemon/Lemon Tree 2.prefab
  artifactKey: Guid(631dcab7c4e7c22418d6f6fa3dd74c7d) Importer(815301076,1909f56bfc062723c751e8b465ee728b)
Start importing Assets/VR Material/Numena/Plants/Lemon/Lemon Tree 2.prefab using Guid(631dcab7c4e7c22418d6f6fa3dd74c7d) Importer(815301076,1909f56bfc062723c751e8b465ee728b) (PreviewImporter) -> (artifact id: '3d00ae15f51b8c9035a4737f88d7e7d1') in 0.005200875 seconds
Number of updated asset objects reloaded before import = 0Number of asset objects unloaded after import = 14

========================================================================
Received Import Request.
  Time since last request: 0.000079 seconds.
  path: Assets/VR Material/Numena/Plants/Lemon/Terain Prefabs/Lemon Tree 3 Terrain.prefab
  artifactKey: Guid(6307fd731e2247b479cddefb30b094fa) Importer(815301076,1909f56bfc062723c751e8b465ee728b)
Start importing Assets/VR Material/Numena/Plants/Lemon/Terain Prefabs/Lemon Tree 3 Terrain.prefab using Guid(6307fd731e2247b479cddefb30b094fa) Importer(815301076,1909f56bfc062723c751e8b465ee728b) (PreviewImporter) -> (artifact id: 'ca443e59e05ba3be1a2dc54fdd68c677') in 0.206816917 seconds
Number of updated asset objects reloaded before import = 0Number of asset objects unloaded after import = 14

========================================================================
Received Import Request.
  Time since last request: 0.000052 seconds.
  path: Assets/VR Material/Numena/Plants/Lemon/Terain Prefabs/Lemon Tree 4 Terrain.prefab
  artifactKey: Guid(c1af1c199f153a340921be4c20ccb38f) Importer(815301076,1909f56bfc062723c751e8b465ee728b)
Start importing Assets/VR Material/Numena/Plants/Lemon/Terain Prefabs/Lemon Tree 4 Terrain.prefab using Guid(c1af1c199f153a340921be4c20ccb38f) Importer(815301076,1909f56bfc062723c751e8b465ee728b) (PreviewImporter) -> (artifact id: 'fe215206c4c7c088d79c885ff83cbfce') in 0.007752917 seconds
Number of updated asset objects reloaded before import = 0Number of asset objects unloaded after import = 14

========================================================================
Received Import Request.
  Time since last request: 0.000077 seconds.
  path: Assets/VR Material/Numena/Plants/Lemon/Source/lemon trees w fruits.fbx
  artifactKey: Guid(98b0ccf8b6592394f847463b75d797f7) Importer(815301076,1909f56bfc062723c751e8b465ee728b)
Start importing Assets/VR Material/Numena/Plants/Lemon/Source/lemon trees w fruits.fbx using Guid(98b0ccf8b6592394f847463b75d797f7) Importer(815301076,1909f56bfc062723c751e8b465ee728b) (PreviewImporter) -> (artifact id: 'c65fefd415df5a55f1b935910ac0b013') in 0.318053334 seconds
Number of updated asset objects reloaded before import = 0Number of asset objects unloaded after import = 30

========================================================================
Received Import Request.
  Time since last request: 150.779296 seconds.
  path: Assets/VR Material/Numena/Plants
  artifactKey: Guid(9b450df9415aa4694a2909f53248a22f) Importer(815301076,1909f56bfc062723c751e8b465ee728b)
Start importing Assets/VR Material/Numena/Plants using Guid(9b450df9415aa4694a2909f53248a22f) Importer(815301076,1909f56bfc062723c751e8b465ee728b) (PreviewImporter) -> (artifact id: 'ea15b0bf5a6a14aadb36b688c3c01b87') in 0.000543833 seconds
Number of updated asset objects reloaded before import = 0Number of asset objects unloaded after import = 0

========================================================================
Received Import Request.
  Time since last request: 0.689883 seconds.
  path: Assets/VR Material/Numena/Plants/Lemon
  artifactKey: Guid(020006e4d119d43faa4aa5287587741a) Importer(815301076,1909f56bfc062723c751e8b465ee728b)
Start importing Assets/VR Material/Numena/Plants/Lemon using Guid(020006e4d119d43faa4aa5287587741a) Importer(815301076,1909f56bfc062723c751e8b465ee728b) (PreviewImporter) -> (artifact id: 'f03e2fcf960620436b884d108ae9f725') in 0.00064 seconds
Number of updated asset objects reloaded before import = 0Number of asset objects unloaded after import = 0

========================================================================
Received Import Request.
  Time since last request: 16.330017 seconds.
  path: Assets/VR Material/Numena/Plants/Lemon/Terain Prefabs
  artifactKey: Guid(65445f6793b457b47b239d6c034e4987) Importer(815301076,1909f56bfc062723c751e8b465ee728b)
Start importing Assets/VR Material/Numena/Plants/Lemon/Terain Prefabs using Guid(65445f6793b457b47b239d6c034e4987) Importer(815301076,1909f56bfc062723c751e8b465ee728b) (PreviewImporter) -> (artifact id: '477cf05f7b654408111eddefc05e4265') in 0.000418125 seconds
Number of updated asset objects reloaded before import = 0Number of asset objects unloaded after import = 0

========================================================================
Received Import Request.
  Time since last request: 6.420767 seconds.
  path: Assets/VR Material/Numena/Plants/Lemon/Prefabs With Fruits
  artifactKey: Guid(73c415972e419bf4cacbaa7d8aaec6a3) Importer(815301076,1909f56bfc062723c751e8b465ee728b)
Start importing Assets/VR Material/Numena/Plants/Lemon/Prefabs With Fruits using Guid(73c415972e419bf4cacbaa7d8aaec6a3) Importer(815301076,1909f56bfc062723c751e8b465ee728b) (PreviewImporter) -> (artifact id: '1c4c0da4de3fdfa11ad14c53c62e4da4') in 0.00041175 seconds
Number of updated asset objects reloaded before import = 0Number of asset objects unloaded after import = 0

========================================================================
Received Import Request.
  Time since last request: 4.703442 seconds.
  path: Assets/VR Material/Numena/Plants/Lemon/Source
  artifactKey: Guid(1fea28343f9e6884aaef8a858c254d57) Importer(815301076,1909f56bfc062723c751e8b465ee728b)
Start importing Assets/VR Material/Numena/Plants/Lemon/Source using Guid(1fea28343f9e6884aaef8a858c254d57) Importer(815301076,1909f56bfc062723c751e8b465ee728b) (PreviewImporter) -> (artifact id: 'ee43af88e1df39a693f44d843d03acfb') in 0.000395125 seconds
Number of updated asset objects reloaded before import = 0Number of asset objects unloaded after import = 0

========================================================================
Received Import Request.
  Time since last request: 0.109173 seconds.
  path: Assets/VR Material/Numena/Plants/Lemon/Source/lemon 2 terrain mesh.asset
  artifactKey: Guid(4f627e7dc1e8e474daeb4363c5ae7ffc) Importer(815301076,1909f56bfc062723c751e8b465ee728b)
Start importing Assets/VR Material/Numena/Plants/Lemon/Source/lemon 2 terrain mesh.asset using Guid(4f627e7dc1e8e474daeb4363c5ae7ffc) Importer(815301076,1909f56bfc062723c751e8b465ee728b) (PreviewImporter) -> (artifact id: 'bb6e3e1f9652633e01309adea10b94dd') in 0.008274792 seconds
Number of updated asset objects reloaded before import = 0Number of asset objects unloaded after import = 2

========================================================================
Received Import Request.
  Time since last request: 0.000080 seconds.
  path: Assets/VR Material/Numena/Plants/Lemon/Source/lemon 4 terrain mesh.asset
  artifactKey: Guid(5b22d7112ec28b54eb9594af8256c4f7) Importer(815301076,1909f56bfc062723c751e8b465ee728b)
Start importing Assets/VR Material/Numena/Plants/Lemon/Source/lemon 4 terrain mesh.asset using Guid(5b22d7112ec28b54eb9594af8256c4f7) Importer(815301076,1909f56bfc062723c751e8b465ee728b) (PreviewImporter) -> (artifact id: '1251d68d892790dfafcacc1f5fd955a7') in 0.005272042 seconds
Number of updated asset objects reloaded before import = 0Number of asset objects unloaded after import = 2

========================================================================
Received Import Request.
  Time since last request: 3.542616 seconds.
  path: Assets/VR Material/Numena/Plants/Lemon/Source/Textures
  artifactKey: Guid(1c12e504934dd514ab960939aa73b4b8) Importer(815301076,1909f56bfc062723c751e8b465ee728b)
Start importing Assets/VR Material/Numena/Plants/Lemon/Source/Textures using Guid(1c12e504934dd514ab960939aa73b4b8) Importer(815301076,1909f56bfc062723c751e8b465ee728b) (PreviewImporter) -> (artifact id: 'aa519f58a210f95ce37a592647d1f393') in 0.000417166 seconds
Number of updated asset objects reloaded before import = 0Number of asset objects unloaded after import = 0

========================================================================
Received Import Request.
  Time since last request: 4.902138 seconds.
  path: Assets/VR Material/Numena/Plants/Lemon/Source/Materials/Lemon Bark.mat
  artifactKey: Guid(c5cedbf48b824b1419e18ddea44455cb) Importer(815301076,1909f56bfc062723c751e8b465ee728b)
Start importing Assets/VR Material/Numena/Plants/Lemon/Source/Materials/Lemon Bark.mat using Guid(c5cedbf48b824b1419e18ddea44455cb) Importer(815301076,1909f56bfc062723c751e8b465ee728b) (PreviewImporter) -> (artifact id: 'b679f3916999626b444ba0475659d585') in 0.031426208 seconds
Number of updated asset objects reloaded before import = 0Number of asset objects unloaded after import = 3

========================================================================
Received Import Request.
  Time since last request: 0.000064 seconds.
  path: Assets/VR Material/Numena/Plants/Lemon/Source/Materials/Lemon Branch Terain.mat
  artifactKey: Guid(a46a97848f663054ab0245b772347e14) Importer(815301076,1909f56bfc062723c751e8b465ee728b)
Start importing Assets/VR Material/Numena/Plants/Lemon/Source/Materials/Lemon Branch Terain.mat using Guid(a46a97848f663054ab0245b772347e14) Importer(815301076,1909f56bfc062723c751e8b465ee728b) (PreviewImporter) -> (artifact id: '1a35c7b63bab53b853a3cc41da001316') in 0.097173458 seconds
Number of updated asset objects reloaded before import = 0Number of asset objects unloaded after import = 3

========================================================================
Received Import Request.
  Time since last request: 0.000035 seconds.
  path: Assets/VR Material/Numena/Plants/Lemon/Source/Materials/Lemon Branch.mat
  artifactKey: Guid(919766340a0cc574b9c8d588f0f58af4) Importer(815301076,1909f56bfc062723c751e8b465ee728b)
Start importing Assets/VR Material/Numena/Plants/Lemon/Source/Materials/Lemon Branch.mat using Guid(919766340a0cc574b9c8d588f0f58af4) Importer(815301076,1909f56bfc062723c751e8b465ee728b) (PreviewImporter) -> (artifact id: '0435d189d857d3e8818eccdd438f8ee7') in 0.023824334 seconds
Number of updated asset objects reloaded before import = 0Number of asset objects unloaded after import = 3

========================================================================
Received Import Request.
  Time since last request: 125.746806 seconds.
  path: Assets/VR Material/Numena/Plants/Lemon/Lemon Tree 4.prefab
  artifactKey: Guid(f1ac1674b1044b940a5e6f1e32750350) Importer(815301076,1909f56bfc062723c751e8b465ee728b)
Start importing Assets/VR Material/Numena/Plants/Lemon/Lemon Tree 4.prefab using Guid(f1ac1674b1044b940a5e6f1e32750350) Importer(815301076,1909f56bfc062723c751e8b465ee728b) (PreviewImporter) -> (artifact id: 'f836ad835eb41f5292cbfa12b2c2c758') in 0.02652725 seconds
Number of updated asset objects reloaded before import = 0Number of asset objects unloaded after import = 14

========================================================================
Received Import Request.
  Time since last request: 9.040264 seconds.
  path: Assets/VR Material/Numena/Plants/Lemon/Lemon Tree 4.prefab
  artifactKey: Guid(f1ac1674b1044b940a5e6f1e32750350) Importer(815301076,1909f56bfc062723c751e8b465ee728b)
Start importing Assets/VR Material/Numena/Plants/Lemon/Lemon Tree 4.prefab using Guid(f1ac1674b1044b940a5e6f1e32750350) Importer(815301076,1909f56bfc062723c751e8b465ee728b) (PreviewImporter) -> (artifact id: '44066e641ffed1412ff46bb8092985b8') in 0.024687875 seconds
Number of updated asset objects reloaded before import = 0Number of asset objects unloaded after import = 14

========================================================================
Received Import Request.
  Time since last request: 6.311374 seconds.
  path: Assets/VR Material/Numena/Plants/Lemon/Lemon Tree 1.prefab
  artifactKey: Guid(3c98bb4bee2f2ba4b92a2fbca7b8831f) Importer(815301076,1909f56bfc062723c751e8b465ee728b)
Start importing Assets/VR Material/Numena/Plants/Lemon/Lemon Tree 1.prefab using Guid(3c98bb4bee2f2ba4b92a2fbca7b8831f) Importer(815301076,1909f56bfc062723c751e8b465ee728b) (PreviewImporter) -> (artifact id: '6891d021e40ff4054ec74e67ae81ae10') in 0.007196416 seconds
Number of updated asset objects reloaded before import = 0Number of asset objects unloaded after import = 14

========================================================================
Received Import Request.
  Time since last request: 3.234051 seconds.
  path: Assets/VR Material/Numena/Plants/Lemon/Lemon Tree 1.prefab
  artifactKey: Guid(3c98bb4bee2f2ba4b92a2fbca7b8831f) Importer(815301076,1909f56bfc062723c751e8b465ee728b)
Start importing Assets/VR Material/Numena/Plants/Lemon/Lemon Tree 1.prefab using Guid(3c98bb4bee2f2ba4b92a2fbca7b8831f) Importer(815301076,1909f56bfc062723c751e8b465ee728b) (PreviewImporter) -> (artifact id: 'b3e9734d1d184f34ba92370f5b00c98e') in 0.007961542 seconds
Number of updated asset objects reloaded before import = 0Number of asset objects unloaded after import = 14

========================================================================
Received Import Request.
  Time since last request: 11.609065 seconds.
  path: Assets/VR Material/Numena/Plants/Lemon/Lemon Tree 3.prefab
  artifactKey: Guid(9b77d12e48b7f364a82333485eca4473) Importer(815301076,1909f56bfc062723c751e8b465ee728b)
Start importing Assets/VR Material/Numena/Plants/Lemon/Lemon Tree 3.prefab using Guid(9b77d12e48b7f364a82333485eca4473) Importer(815301076,1909f56bfc062723c751e8b465ee728b) (PreviewImporter) -> (artifact id: '9a57653bd06ade6fbfadacce972916c9') in 0.01024975 seconds
Number of updated asset objects reloaded before import = 0Number of asset objects unloaded after import = 12

========================================================================
Received Import Request.
  Time since last request: 3.841660 seconds.
  path: Assets/VR Material/Numena/Plants/Lemon/Lemon Tree 3.prefab
  artifactKey: Guid(9b77d12e48b7f364a82333485eca4473) Importer(815301076,1909f56bfc062723c751e8b465ee728b)
Start importing Assets/VR Material/Numena/Plants/Lemon/Lemon Tree 3.prefab using Guid(9b77d12e48b7f364a82333485eca4473) Importer(815301076,1909f56bfc062723c751e8b465ee728b) (PreviewImporter) -> (artifact id: '2a43b56b7d7212423fb080197904dea1') in 0.009303833 seconds
Number of updated asset objects reloaded before import = 0Number of asset objects unloaded after import = 14

========================================================================
Received Import Request.
  Time since last request: 40.144548 seconds.
  path: Assets/VR Material/Numena/Plants/Lemon/Lemon Tree 3.prefab
  artifactKey: Guid(9b77d12e48b7f364a82333485eca4473) Importer(815301076,1909f56bfc062723c751e8b465ee728b)
Start importing Assets/VR Material/Numena/Plants/Lemon/Lemon Tree 3.prefab using Guid(9b77d12e48b7f364a82333485eca4473) Importer(815301076,1909f56bfc062723c751e8b465ee728b) (PreviewImporter) -> (artifact id: '649d66497902634caacd841bc569670e') in 0.008295583 seconds
Number of updated asset objects reloaded before import = 0Number of asset objects unloaded after import = 11

========================================================================
Received Import Request.
  Time since last request: 4.545764 seconds.
  path: Assets/VR Material/Numena/Plants/Lemon/Lemon Tree 3.prefab
  artifactKey: Guid(9b77d12e48b7f364a82333485eca4473) Importer(815301076,1909f56bfc062723c751e8b465ee728b)
Start importing Assets/VR Material/Numena/Plants/Lemon/Lemon Tree 3.prefab using Guid(9b77d12e48b7f364a82333485eca4473) Importer(815301076,1909f56bfc062723c751e8b465ee728b) (PreviewImporter) -> (artifact id: '4a2f6191809fd94ee00945bb4fde6cfc') in 0.008248709 seconds
Number of updated asset objects reloaded before import = 0Number of asset objects unloaded after import = 14

========================================================================
Received Import Request.
  Time since last request: 50.811233 seconds.
  path: Assets/VR Material/Numena/Plants/Lemon/Prefabs With Fruits/Lemon Tree 2 w Fruits.prefab
  artifactKey: Guid(e1a86f799eb10924597db250eb786896) Importer(815301076,1909f56bfc062723c751e8b465ee728b)
Start importing Assets/VR Material/Numena/Plants/Lemon/Prefabs With Fruits/Lemon Tree 2 w Fruits.prefab using Guid(e1a86f799eb10924597db250eb786896) Importer(815301076,1909f56bfc062723c751e8b465ee728b) (PreviewImporter) -> (artifact id: 'ebf0b4ca2eff611bac51fab93e330a2b') in 0.011567583 seconds
Number of updated asset objects reloaded before import = 0Number of asset objects unloaded after import = 14

========================================================================
Received Import Request.
  Time since last request: 4.509090 seconds.
  path: Assets/VR Material/Numena/Plants/Lemon/Prefabs With Fruits/Lemon Tree 2 w Fruits.prefab
  artifactKey: Guid(e1a86f799eb10924597db250eb786896) Importer(815301076,1909f56bfc062723c751e8b465ee728b)
Start importing Assets/VR Material/Numena/Plants/Lemon/Prefabs With Fruits/Lemon Tree 2 w Fruits.prefab using Guid(e1a86f799eb10924597db250eb786896) Importer(815301076,1909f56bfc062723c751e8b465ee728b) (PreviewImporter) -> (artifact id: 'aaf8adc1e0b2869c3cc1271b963b8a41') in 0.00811025 seconds
Number of updated asset objects reloaded before import = 0Number of asset objects unloaded after import = 14

========================================================================
Received Import Request.
  Time since last request: 581.276877 seconds.
  path: Assets/VR Material/Numena/Plants/Lemon/Prefabs With Fruits/Lemon Tree 1 w Fruits.prefab
  artifactKey: Guid(46dea74f7999f4c4f9d26ad24b8282c6) Importer(815301076,1909f56bfc062723c751e8b465ee728b)
Start importing Assets/VR Material/Numena/Plants/Lemon/Prefabs With Fruits/Lemon Tree 1 w Fruits.prefab using Guid(46dea74f7999f4c4f9d26ad24b8282c6) Importer(815301076,1909f56bfc062723c751e8b465ee728b) (PreviewImporter) -> (artifact id: '8f96450bed8d8c20c72f29173d989772') in 0.0503145 seconds
Number of updated asset objects reloaded before import = 0Number of asset objects unloaded after import = 14

